[debug] [2022-03-26T08:17:05.977Z] ----------------------------------------------------------------------
[debug] [2022-03-26T08:17:05.980Z] Command:       C:\Program Files\nodejs\node.exe C:\Program Files\nodejs\node_modules\firebase-tools\lib\bin\firebase.js init hosting
[debug] [2022-03-26T08:17:05.981Z] CLI Version:   10.5.0
[debug] [2022-03-26T08:17:05.981Z] Platform:      win32
[debug] [2022-03-26T08:17:05.981Z] Node Version:  v16.14.2
[debug] [2022-03-26T08:17:05.983Z] Time:          Sat Mar 26 2022 17:17:05 GMT+0900 (日本標準時)
[debug] [2022-03-26T08:17:05.983Z] ----------------------------------------------------------------------
[debug] 
[debug] [2022-03-26T08:17:05.997Z] > command requires scopes: ["email","openid","https://www.googleapis.com/auth/cloudplatformprojects.readonly","https://www.googleapis.com/auth/firebase","https://www.googleapis.com/auth/cloud-platform"]
[debug] [2022-03-26T08:17:05.998Z] > authorizing via signed-in user (ultraman0713@gmail.com)
[info] 
     ######## #### ########  ######## ########     ###     ######  ########
     ##        ##  ##     ## ##       ##     ##  ##   ##  ##       ##
     ######    ##  ########  ######   ########  #########  ######  ######
     ##        ##  ##    ##  ##       ##     ## ##     ##       ## ##
     ##       #### ##     ## ######## ########  ##     ##  ######  ########

You're about to initialize a Firebase project in this directory:

  C:\Users\user\github\simplePomodoroTimer

[info] 
=== Project Setup
[info] 
[info] First, let's associate this project directory with a Firebase project.
[info] You can create multiple project aliases by running firebase use --add, 
[info] but for now we'll just set up a default project.
[info] 
[debug] [2022-03-26T08:17:18.053Z] >>> [apiv2][query] GET https://firebase.googleapis.com/v1beta1/projects pageSize=100
[debug] [2022-03-26T08:17:18.623Z] <<< [apiv2][status] GET https://firebase.googleapis.com/v1beta1/projects 200
[debug] [2022-03-26T08:17:18.623Z] <<< [apiv2][body] GET https://firebase.googleapis.com/v1beta1/projects [omitted]
[info] i  Using project fifty-shades-of-mine (fifity-shades-of-everything) 
[info] 
=== Hosting Setup
[info] 
[info] Your public directory is the folder (relative to your project directory) that
[info] will contain Hosting assets to be uploaded with firebase deploy. If you
[info] have a build process for your assets, use your build's output directory.
[info] 
[debug] [2022-03-26T08:17:57.511Z] >>> [apiv2][query] GET https://www.gstatic.com/firebasejs/releases.json [none]
[debug] [2022-03-26T08:17:57.615Z] <<< [apiv2][status] GET https://www.gstatic.com/firebasejs/releases.json 200
[debug] [2022-03-26T08:17:57.615Z] <<< [apiv2][body] GET https://www.gstatic.com/firebasejs/releases.json {"current":{"version":"9.6.10","browserURL":"https://www.gstatic.com/firebasejs/9.6.10/firebase.js","packageURL":"https://www.gstatic.com/firebasejs/9.6.10/firebase.tgz"},"live":{"version":"9.6","browserURL":"https://www.gstatic.com/firebasejs/live/9.6/firebase.js","packageURL":"https://www.gstatic.com/firebasejs/live/9.6/firebase.tgz"},"components":{"analytics":"https://www.gstatic.com/firebasejs/9.6.10/firebase-analytics.js","app":"https://www.gstatic.com/firebasejs/9.6.10/firebase-app.js","app-check":"https://www.gstatic.com/firebasejs/9.6.10/firebase-app-check.js","auth":"https://www.gstatic.com/firebasejs/9.6.10/firebase-auth.js","auth/cordova":"https://www.gstatic.com/firebasejs/9.6.10/firebase-auth/cordova.js","auth/react-native":"https://www.gstatic.com/firebasejs/9.6.10/firebase-auth/react-native.js","functions":"https://www.gstatic.com/firebasejs/9.6.10/firebase-functions.js","firestore":"https://www.gstatic.com/firebasejs/9.6.10/firebase-firestore.js","firestore/lite":"https://www.gstatic.com/firebasejs/9.6.10/firebase-firestore/lite.js","storage":"https://www.gstatic.com/firebasejs/9.6.10/firebase-storage.js","performance":"https://www.gstatic.com/firebasejs/9.6.10/firebase-performance.js","remote-config":"https://www.gstatic.com/firebasejs/9.6.10/firebase-remote-config.js","messaging":"https://www.gstatic.com/firebasejs/9.6.10/firebase-messaging.js","messaging/sw":"https://www.gstatic.com/firebasejs/9.6.10/firebase-messaging/sw.js","database":"https://www.gstatic.com/firebasejs/9.6.10/firebase-database.js","firestore.memory":"https://www.gstatic.com/firebasejs/9.6.10/firebase-firestore.memory.js"}}
[info] +  Wrote public/index.html 
[info] 
[info] i  Detected a .git folder at C:\Users\user\github\simplePomodoroTimer 
[info] i  Authorizing with GitHub to upload your service account to a GitHub repository's secrets store. 
[info] 
[info] Visit this URL on this device to log in:
[info] https://github.com/login/oauth/authorize?client_id=89cf50f02ac6aaed3484&state=835520335&redirect_uri=http%3A%2F%2Flocalhost%3A9005&scope=read%3Auser%20repo%20public_repo
[info] 
[info] Waiting for authentication...
[debug] [2022-03-26T08:18:05.428Z] >>> HTTP REQUEST POST https://github.com/login/oauth/access_token  
 {"client_id":"89cf50f02ac6aaed3484","client_secret":"3330d14abc895d9a74d5f17cd7a00711fa2c5bf0","code":"24dd8ef431dbc410cd3f","redirect_uri":"http://localhost:9005","state":"835520335"}
[debug] [2022-03-26T08:18:05.759Z] <<< HTTP RESPONSE 200 {"server":"GitHub.com","date":"Sat, 26 Mar 2022 08:18:04 GMT","content-type":"application/json; charset=utf-8","transfer-encoding":"chunked","vary":"X-PJAX, X-PJAX-Container, Accept-Encoding, Accept, X-Requested-With","permissions-policy":"interest-cohort=()","etag":"W/\"ce6421450f841ddda4eb9f635e010d98\"","cache-control":"max-age=0, private, must-revalidate","strict-transport-security":"max-age=31536000; includeSubdomains; preload","x-frame-options":"deny","x-content-type-options":"nosniff","x-xss-protection":"0","referrer-policy":"origin-when-cross-origin, strict-origin-when-cross-origin","expect-ct":"max-age=2592000, report-uri=\"https://api.github.com/_private/browser/errors\"","content-security-policy":"default-src 'none'; base-uri 'self'; block-all-mixed-content; child-src github.com/assets-cdn/worker/ gist.github.com/assets-cdn/worker/; connect-src 'self' uploads.github.com objects-origin.githubusercontent.com www.githubstatus.com collector.githubapp.com collector.github.com api.github.com github-cloud.s3.amazonaws.com github-production-repository-file-5c1aeb.s3.amazonaws.com github-production-upload-manifest-file-7fdce7.s3.amazonaws.com github-production-user-asset-6210df.s3.amazonaws.com cdn.optimizely.com logx.optimizely.com/v1/events translator.github.com wss://alive.github.com; font-src github.githubassets.com; form-action 'self' github.com gist.github.com objects-origin.githubusercontent.com; frame-ancestors 'none'; frame-src render.githubusercontent.com viewscreen.githubusercontent.com notebooks.githubusercontent.com; img-src 'self' data: github.githubassets.com identicons.github.com collector.githubapp.com collector.github.com github-cloud.s3.amazonaws.com secured-user-images.githubusercontent.com/ *.githubusercontent.com; manifest-src 'self'; media-src github.com user-images.githubusercontent.com/; script-src github.githubassets.com; style-src 'unsafe-inline' github.githubassets.com; worker-src github.com/assets-cdn/worker/ gist.github.com/assets-cdn/worker/","x-github-request-id":"6BA0:404D:14B924:1B9E7F:623ECC3C"}
[debug] [2022-03-26T08:18:05.766Z] >>> [apiv2][query] GET https://api.github.com/user [none]
[debug] [2022-03-26T08:18:06.093Z] <<< [apiv2][status] GET https://api.github.com/user 200
[debug] [2022-03-26T08:18:06.093Z] <<< [apiv2][body] GET https://api.github.com/user {"login":"solaris0051","id":30798030,"node_id":"MDQ6VXNlcjMwNzk4MDMw","avatar_url":"https://avatars.githubusercontent.com/u/30798030?v=4","gravatar_id":"","url":"https://api.github.com/users/solaris0051","html_url":"https://github.com/solaris0051","followers_url":"https://api.github.com/users/solaris0051/followers","following_url":"https://api.github.com/users/solaris0051/following{/other_user}","gists_url":"https://api.github.com/users/solaris0051/gists{/gist_id}","starred_url":"https://api.github.com/users/solaris0051/starred{/owner}{/repo}","subscriptions_url":"https://api.github.com/users/solaris0051/subscriptions","organizations_url":"https://api.github.com/users/solaris0051/orgs","repos_url":"https://api.github.com/users/solaris0051/repos","events_url":"https://api.github.com/users/solaris0051/events{/privacy}","received_events_url":"https://api.github.com/users/solaris0051/received_events","type":"User","site_admin":false,"name":"Y K","company":null,"blog":"https://fiftyshadesofmine.wordpress.com/","location":null,"email":null,"hireable":true,"bio":"I am a person with double disabilities.","twitter_username":null,"public_repos":9,"public_gists":0,"followers":0,"following":0,"created_at":"2017-08-07T11:24:09Z","updated_at":"2022-03-22T11:37:22Z","private_gists":0,"total_private_repos":1,"owned_private_repos":1,"disk_usage":22756,"collaborators":0,"two_factor_authentication":false,"plan":{"name":"free","space":976562499,"collaborators":0,"private_repos":10000}}
[info] 
[info] +  Success! Logged into GitHub as solaris0051 
[info] 
